c:\users\waldemar\source\repos\my_ogl_project\kglabs\release\vc142.pdb
c:\users\waldemar\source\repos\my_ogl_project\kglabs\release\texture.obj
c:\users\waldemar\source\repos\my_ogl_project\kglabs\release\shadermanager.obj
c:\users\waldemar\source\repos\my_ogl_project\kglabs\release\shader.obj
c:\users\waldemar\source\repos\my_ogl_project\kglabs\release\scene.obj
c:\users\waldemar\source\repos\my_ogl_project\kglabs\release\resourcemanager.obj
c:\users\waldemar\source\repos\my_ogl_project\kglabs\release\rendermanager.obj
c:\users\waldemar\source\repos\my_ogl_project\kglabs\release\mesh.obj
c:\users\waldemar\source\repos\my_ogl_project\kglabs\release\material.obj
c:\users\waldemar\source\repos\my_ogl_project\kglabs\release\light.obj
c:\users\waldemar\source\repos\my_ogl_project\kglabs\release\kglabs.obj
c:\users\waldemar\source\repos\my_ogl_project\kglabs\release\graphicobject.obj
c:\users\waldemar\source\repos\my_ogl_project\kglabs\release\fog.obj
c:\users\waldemar\source\repos\my_ogl_project\kglabs\release\camera.obj
c:\users\waldemar\source\repos\my_ogl_project\release\my_ogl_project.exe
c:\users\waldemar\source\repos\my_ogl_project\release\my_ogl_project.pdb
c:\users\waldemar\source\repos\my_ogl_project\release\my_ogl_project.ipdb
c:\users\waldemar\source\repos\my_ogl_project\release\my_ogl_project.iobj
c:\users\waldemar\source\repos\my_ogl_project\kglabs\release\my_ogl_project.tlog\cl.command.1.tlog
c:\users\waldemar\source\repos\my_ogl_project\kglabs\release\my_ogl_project.tlog\cl.read.1.tlog
c:\users\waldemar\source\repos\my_ogl_project\kglabs\release\my_ogl_project.tlog\cl.write.1.tlog
c:\users\waldemar\source\repos\my_ogl_project\kglabs\release\my_ogl_project.tlog\link.command.1.tlog
c:\users\waldemar\source\repos\my_ogl_project\kglabs\release\my_ogl_project.tlog\link.delete.1.tlog
c:\users\waldemar\source\repos\my_ogl_project\kglabs\release\my_ogl_project.tlog\link.read.1.tlog
c:\users\waldemar\source\repos\my_ogl_project\kglabs\release\my_ogl_project.tlog\link.write.1.tlog
c:\users\waldemar\source\repos\my_ogl_project\kglabs\release\my_ogl_project.tlog\my_ogl_project.write.1u.tlog
